c:\users\joan abad\documents\joan abad\sfml\supermariobros\sfml\sfml\debug\vc141.pdb
c:\users\joan abad\documents\joan abad\sfml\supermariobros\sfml\sfml\debug\vc141.idb
c:\users\joan abad\documents\joan abad\sfml\supermariobros\sfml\sfml\debug\sfml.obj
c:\users\joan abad\documents\joan abad\sfml\supermariobros\sfml\sfml\debug\mapcreationtool.obj
c:\users\joan abad\documents\joan abad\sfml\supermariobros\sfml\sfml\debug\map.obj
c:\users\joan abad\documents\joan abad\sfml\supermariobros\sfml\sfml\debug\graphicutilities.obj
c:\users\joan abad\documents\joan abad\sfml\supermariobros\sfml\sfml\debug\fontutilities.obj
c:\users\joan abad\documents\joan abad\sfml\supermariobros\sfml\sfml\debug\debugutilities.obj
c:\users\joan abad\documents\joan abad\sfml\supermariobros\sfml\sfml\debug\actor.obj
c:\users\joan abad\documents\joan abad\sfml\supermariobros\sfml\sfml\debug\character.obj
c:\users\joan abad\documents\joan abad\sfml\supermariobros\sfml\sfml\debug\savesystem.obj
c:\users\joan abad\documents\joan abad\sfml\supermariobros\sfml\sfml\debug\player.obj
c:\users\joan abad\documents\joan abad\sfml\supermariobros\sfml\debug\sfml.exe
c:\users\joan abad\documents\joan abad\sfml\supermariobros\sfml\debug\sfml.ilk
c:\users\joan abad\documents\joan abad\sfml\supermariobros\sfml\debug\sfml.pdb
c:\users\joan abad\documents\joan abad\sfml\supermariobros\sfml\sfml\debug\sfml.tlog\cl.command.1.tlog
c:\users\joan abad\documents\joan abad\sfml\supermariobros\sfml\sfml\debug\sfml.tlog\cl.read.1.tlog
c:\users\joan abad\documents\joan abad\sfml\supermariobros\sfml\sfml\debug\sfml.tlog\cl.write.1.tlog
c:\users\joan abad\documents\joan abad\sfml\supermariobros\sfml\sfml\debug\sfml.tlog\link.command.1.tlog
c:\users\joan abad\documents\joan abad\sfml\supermariobros\sfml\sfml\debug\sfml.tlog\link.read.1.tlog
c:\users\joan abad\documents\joan abad\sfml\supermariobros\sfml\sfml\debug\sfml.tlog\link.write.1.tlog
